Sencha Cmd 6.5.1.240 - Crash report
================================================
An error occurred while executing the following command: -sdk ../ext genterate app app new-app

Diagnostic information:
=======================
                    buildenvironment.dir : D:\                                               
               buildenvironment.load.dir : D:\website\Test\ext                               
                          cmd.config.dir : C:\Users\spike\bin\Sencha\Cmd\6.5.1.240           
                                 cmd.dir : C:\Users\spike\bin\Sencha\Cmd\6.5.1.240           
              cmd.merge.tool.args.araxis : -wait -merge -3 -a1 {base} {user} {generated} {out}
              cmd.merge.tool.args.kdiff3 : {base} {user} {generated} -o {out}                
             cmd.merge.tool.args.p4merge : {base} {user} {generated} {out}                   
           cmd.merge.tool.args.smartsync : {user} {generated} {base}                         
          cmd.merge.tool.args.sourcegear : --merge --result={out} {user} {base} {generated}  
            cmd.merge.tool.args.tortoise : -base:{base} -theirs:{generated} -mine:{user} -merged:{out}
                              cmd.minver : 3.0.0.0                                           
                            cmd.platform : windows                                           
                     cmd.unicode.escapes : C:\Users\spike\bin\Sencha\Cmd\6.5.1.240/unicode-escapes.json
                             cmd.version : 6.5.1.240                                         
                            cmd.web.port : 1841                                              
                       inspector.address : http://localhost:1839/                            
                          repo.local.dir : C:\Users\spike\bin\Sencha\Cmd\repo                
                         sencha.sdk.path : D:\website\TOOLS\sencha\ext-6.2.0                 
                       shared.sencha.dir : false                                             
        system.java.net.useSystemProxies : true                                              
                     workspace.build.dir : D:/build                                          
                    workspace.config.dir : D:\.sencha\workspace                              
                           workspace.dir : D:                                                
                  workspace.packages.dir : D:/packages                                       
              workspace.packages.extract : D:/packages/remote                                
                     workspace.theme.dir : D:/packages/${args.themeName}                     

Exception information:
=======================
com.sencha.exceptions.ExState: Not a framework directory : ../ext
     at com.sencha.cli.AbstractCommand$Property.set(AbstractCommand.java:408)
     at com.sencha.cli.AbstractCommand.processConfigParam(AbstractCommand.java:530)
     at com.sencha.cli.AbstractCommand.configure(AbstractCommand.java:114)
     at com.sencha.command.Sencha.main(Sencha.java:135)
     at sun.reflect.NativeMethodAccessorImpl.invoke0(Native Method)
     at sun.reflect.NativeMethodAccessorImpl.invoke(Unknown Source)
     at sun.reflect.DelegatingMethodAccessorImpl.invoke(Unknown Source)
     at java.lang.reflect.Method.invoke(Unknown Source)
     at com.exe4j.runtime.LauncherEngine.launch(LauncherEngine.java:65)
     at com.exe4j.runtime.WinLauncher.main(WinLauncher.java:101)
     at com.install4j.runtime.launcher.WinLauncher.main(WinLauncher.java:26)
   Caused by: Not a framework directory : ../ext
     at com.sencha.command.Sencha.setSdkPath(Sencha.java:434)
     at sun.reflect.NativeMethodAccessorImpl.invoke0(Native Method)
     at sun.reflect.NativeMethodAccessorImpl.invoke(Unknown Source)
     at sun.reflect.DelegatingMethodAccessorImpl.invoke(Unknown Source)
     at java.lang.reflect.Method.invoke(Unknown Source)
     at com.sencha.cli.AbstractCommand$Property.set(AbstractCommand.java:396)
     at com.sencha.cli.AbstractCommand.processConfigParam(AbstractCommand.java:530)
     at com.sencha.cli.AbstractCommand.configure(AbstractCommand.java:114)
     at com.sencha.command.Sencha.main(Sencha.java:135)
     at sun.reflect.NativeMethodAccessorImpl.invoke0(Native Method)
     at sun.reflect.NativeMethodAccessorImpl.invoke(Unknown Source)
     at sun.reflect.DelegatingMethodAccessorImpl.invoke(Unknown Source)
     at java.lang.reflect.Method.invoke(Unknown Source)
     at com.exe4j.runtime.LauncherEngine.launch(LauncherEngine.java:65)
     at com.exe4j.runtime.WinLauncher.main(WinLauncher.java:101)
     at com.install4j.runtime.launcher.WinLauncher.main(WinLauncher.java:26)

